#-----------------------------------------------------------
# Vivado v2020.1 (64-bit)
# SW Build 2902540 on Wed May 27 19:54:49 MDT 2020
# IP Build 2902112 on Wed May 27 22:43:36 MDT 2020
# Start of session at: Mon Mar  1 17:37:50 2021
# Process ID: 15208
# Current directory: C:/Users/tanru/OneDrive/Desktop/FinalProjectMulti
# Command line: vivado.exe -gui_launcher_event rodinguilauncherevent8072 C:\Users\tanru\OneDrive\Desktop\FinalProjectMulti\FinalProjectMulti.xpr
# Log file: C:/Users/tanru/OneDrive/Desktop/FinalProjectMulti/vivado.log
# Journal file: C:/Users/tanru/OneDrive/Desktop/FinalProjectMulti\vivado.jou
#-----------------------------------------------------------
start_gui
open_project C:/Users/tanru/OneDrive/Desktop/FinalProjectMulti/FinalProjectMulti.xpr
Scanning sources...
Finished scanning sources
INFO: [IP_Flow 19-234] Refreshing IP repositories
INFO: [IP_Flow 19-1704] No user IP repositories specified
INFO: [IP_Flow 19-2313] Loaded Vivado IP repository 'C:/Xilinx/Vivado/2020.1/data/ip'.
open_project: Time (s): cpu = 00:00:12 ; elapsed = 00:00:13 . Memory (MB): peak = 1035.324 ; gain = 0.000
update_compile_order -fileset sources_1
launch_runs synth_1 -jobs 4
WARNING: [HDL 9-3756] overwriting previous definition of module 'OTTER_mem_byte' [C:/Users/tanru/OneDrive/Desktop/Final_Project/Final_Project.srcs/sources_1/new/Otter_MCU/otter_memory.sv:25]
WARNING: [filemgmt 20-1318] Duplicate Design Unit 'OTTER_mem_byte()' found in library 'xil_defaultlib'
Duplicate found at line 25 of file C:/Users/tanru/OneDrive/Desktop/FinalProjectMulti/FinalProjectMulti.srcs/sources_1/new/Otter_MCU/otter_memory.sv
	(Active) Duplicate found at line 25 of file C:/Users/tanru/OneDrive/Desktop/Final_Project/Final_Project.srcs/sources_1/new/Otter_MCU/otter_memory.sv
[Mon Mar  1 17:39:07 2021] Launched synth_1...
Run output will be captured here: C:/Users/tanru/OneDrive/Desktop/FinalProjectMulti/FinalProjectMulti.runs/synth_1/runme.log
launch_runs impl_1 -jobs 4
[Mon Mar  1 17:40:53 2021] Launched impl_1...
Run output will be captured here: C:/Users/tanru/OneDrive/Desktop/FinalProjectMulti/FinalProjectMulti.runs/impl_1/runme.log
launch_runs impl_1 -to_step write_bitstream -jobs 4
[Mon Mar  1 17:42:51 2021] Launched impl_1...
Run output will be captured here: C:/Users/tanru/OneDrive/Desktop/FinalProjectMulti/FinalProjectMulti.runs/impl_1/runme.log
open_hw_manager
connect_hw_server -allow_non_jtag
INFO: [Labtools 27-2285] Connecting to hw_server url TCP:localhost:3121
INFO: [Labtools 27-2222] Launching hw_server...
INFO: [Labtools 27-2221] Launch Output:

****** Xilinx hw_server v2020.1
  **** Build date : May 27 2020 at 20:24:38
    ** Copyright 1986-2020 Xilinx, Inc. All Rights Reserved.


INFO: [Labtools 27-3415] Connecting to cs_server url TCP:localhost:3042
INFO: [Labtools 27-3417] Launching cs_server...
INFO: [Labtools 27-2221] Launch Output:


****** Xilinx cs_server v2020.1.0
  **** Build date : May 13 2020-18:10:29
    ** Copyright 2017-2020 Xilinx, Inc. All Rights Reserved.



connect_hw_server: Time (s): cpu = 00:00:00 ; elapsed = 00:00:12 . Memory (MB): peak = 1035.324 ; gain = 0.000
open_hw_target
INFO: [Labtoolstcl 44-466] Opening hw_target localhost:3121/xilinx_tcf/Digilent/210183AF2EEEA
open_hw_target: Time (s): cpu = 00:00:06 ; elapsed = 00:00:06 . Memory (MB): peak = 2225.129 ; gain = 1189.805
set_property PROGRAM.FILE {C:/Users/tanru/OneDrive/Desktop/FinalProjectMulti/FinalProjectMulti.runs/impl_1/OTTER_Wrapper_VGA80x60.bit} [get_hw_devices xc7a35t_0]
current_hw_device [get_hw_devices xc7a35t_0]
refresh_hw_device -update_hw_probes false [lindex [get_hw_devices xc7a35t_0] 0]
INFO: [Labtools 27-1434] Device xc7a35t (JTAG device index = 0) is programmed with a design that has no supported debug core(s) in it.
set_property PROBES.FILE {} [get_hw_devices xc7a35t_0]
set_property FULL_PROBES.FILE {} [get_hw_devices xc7a35t_0]
set_property PROGRAM.FILE {C:/Users/tanru/OneDrive/Desktop/FinalProjectMulti/FinalProjectMulti.runs/impl_1/OTTER_Wrapper_VGA80x60.bit} [get_hw_devices xc7a35t_0]
program_hw_devices [get_hw_devices xc7a35t_0]
INFO: [Labtools 27-3164] End of startup status: HIGH
refresh_hw_device [lindex [get_hw_devices xc7a35t_0] 0]
INFO: [Labtools 27-1434] Device xc7a35t (JTAG device index = 0) is programmed with a design that has no supported debug core(s) in it.
reset_run synth_1
launch_runs synth_1 -jobs 4
WARNING: [HDL 9-3756] overwriting previous definition of module 'OTTER_mem_byte' [C:/Users/tanru/OneDrive/Desktop/Final_Project/Final_Project.srcs/sources_1/new/Otter_MCU/otter_memory.sv:25]
WARNING: [filemgmt 20-1318] Duplicate Design Unit 'OTTER_mem_byte()' found in library 'xil_defaultlib'
Duplicate found at line 25 of file C:/Users/tanru/OneDrive/Desktop/FinalProjectMulti/FinalProjectMulti.srcs/sources_1/new/Otter_MCU/otter_memory.sv
	(Active) Duplicate found at line 25 of file C:/Users/tanru/OneDrive/Desktop/Final_Project/Final_Project.srcs/sources_1/new/Otter_MCU/otter_memory.sv
[Mon Mar  1 17:45:31 2021] Launched synth_1...
Run output will be captured here: C:/Users/tanru/OneDrive/Desktop/FinalProjectMulti/FinalProjectMulti.runs/synth_1/runme.log
launch_runs impl_1 -jobs 4
[Mon Mar  1 17:47:54 2021] Launched impl_1...
Run output will be captured here: C:/Users/tanru/OneDrive/Desktop/FinalProjectMulti/FinalProjectMulti.runs/impl_1/runme.log
launch_runs impl_1 -to_step write_bitstream -jobs 4
[Mon Mar  1 17:50:37 2021] Launched impl_1...
Run output will be captured here: C:/Users/tanru/OneDrive/Desktop/FinalProjectMulti/FinalProjectMulti.runs/impl_1/runme.log
set_property PROBES.FILE {} [get_hw_devices xc7a35t_0]
set_property FULL_PROBES.FILE {} [get_hw_devices xc7a35t_0]
set_property PROGRAM.FILE {C:/Users/tanru/OneDrive/Desktop/FinalProjectMulti/FinalProjectMulti.runs/impl_1/OTTER_Wrapper_VGA80x60.bit} [get_hw_devices xc7a35t_0]
program_hw_devices [get_hw_devices xc7a35t_0]
INFO: [Labtools 27-3164] End of startup status: HIGH
refresh_hw_device [lindex [get_hw_devices xc7a35t_0] 0]
INFO: [Labtools 27-1434] Device xc7a35t (JTAG device index = 0) is programmed with a design that has no supported debug core(s) in it.
reset_run synth_1
launch_runs synth_1 -jobs 4
WARNING: [HDL 9-3756] overwriting previous definition of module 'OTTER_mem_byte' [C:/Users/tanru/OneDrive/Desktop/Final_Project/Final_Project.srcs/sources_1/new/Otter_MCU/otter_memory.sv:25]
WARNING: [filemgmt 20-1318] Duplicate Design Unit 'OTTER_mem_byte()' found in library 'xil_defaultlib'
Duplicate found at line 25 of file C:/Users/tanru/OneDrive/Desktop/FinalProjectMulti/FinalProjectMulti.srcs/sources_1/new/Otter_MCU/otter_memory.sv
	(Active) Duplicate found at line 25 of file C:/Users/tanru/OneDrive/Desktop/Final_Project/Final_Project.srcs/sources_1/new/Otter_MCU/otter_memory.sv
[Mon Mar  1 17:54:47 2021] Launched synth_1...
Run output will be captured here: C:/Users/tanru/OneDrive/Desktop/FinalProjectMulti/FinalProjectMulti.runs/synth_1/runme.log
launch_runs impl_1 -jobs 4
[Mon Mar  1 17:56:03 2021] Launched impl_1...
Run output will be captured here: C:/Users/tanru/OneDrive/Desktop/FinalProjectMulti/FinalProjectMulti.runs/impl_1/runme.log
launch_runs impl_1 -to_step write_bitstream -jobs 4
[Mon Mar  1 18:06:06 2021] Launched impl_1...
Run output will be captured here: C:/Users/tanru/OneDrive/Desktop/FinalProjectMulti/FinalProjectMulti.runs/impl_1/runme.log
set_property PROBES.FILE {} [get_hw_devices xc7a35t_0]
set_property FULL_PROBES.FILE {} [get_hw_devices xc7a35t_0]
set_property PROGRAM.FILE {C:/Users/tanru/OneDrive/Desktop/FinalProjectMulti/FinalProjectMulti.runs/impl_1/OTTER_Wrapper_VGA80x60.bit} [get_hw_devices xc7a35t_0]
program_hw_devices [get_hw_devices xc7a35t_0]
INFO: [Labtools 27-3164] End of startup status: HIGH
refresh_hw_device [lindex [get_hw_devices xc7a35t_0] 0]
INFO: [Labtools 27-1434] Device xc7a35t (JTAG device index = 0) is programmed with a design that has no supported debug core(s) in it.
ERROR: [Labtoolstcl 44-513] HW Target shutdown. Closing target: localhost:3121/xilinx_tcf/Digilent/210183AF2EEEA
reset_run synth_1
launch_runs synth_1 -jobs 4
WARNING: [HDL 9-3756] overwriting previous definition of module 'OTTER_mem_byte' [C:/Users/tanru/OneDrive/Desktop/Final_Project/Final_Project.srcs/sources_1/new/Otter_MCU/otter_memory.sv:25]
WARNING: [filemgmt 20-1318] Duplicate Design Unit 'OTTER_mem_byte()' found in library 'xil_defaultlib'
Duplicate found at line 25 of file C:/Users/tanru/OneDrive/Desktop/FinalProjectMulti/FinalProjectMulti.srcs/sources_1/new/Otter_MCU/otter_memory.sv
	(Active) Duplicate found at line 25 of file C:/Users/tanru/OneDrive/Desktop/Final_Project/Final_Project.srcs/sources_1/new/Otter_MCU/otter_memory.sv
[Mon Mar  1 20:37:15 2021] Launched synth_1...
Run output will be captured here: C:/Users/tanru/OneDrive/Desktop/FinalProjectMulti/FinalProjectMulti.runs/synth_1/runme.log
launch_runs impl_1 -jobs 4
[Mon Mar  1 20:38:45 2021] Launched impl_1...
Run output will be captured here: C:/Users/tanru/OneDrive/Desktop/FinalProjectMulti/FinalProjectMulti.runs/impl_1/runme.log
launch_runs impl_1 -to_step write_bitstream -jobs 4
[Mon Mar  1 20:41:05 2021] Launched impl_1...
Run output will be captured here: C:/Users/tanru/OneDrive/Desktop/FinalProjectMulti/FinalProjectMulti.runs/impl_1/runme.log
disconnect_hw_server localhost:3121
connect_hw_server -allow_non_jtag
INFO: [Labtools 27-2285] Connecting to hw_server url TCP:localhost:3121
INFO: [Labtools 27-3415] Connecting to cs_server url TCP:localhost:3042
INFO: [Labtools 27-3414] Connected to existing cs_server.
ERROR: [Labtoolstcl 44-494] There is no active target available for server at localhost.
 Targets(s) ", jsn-Basys3-210183AF2EEEA" may be locked by another hw_server.
disconnect_hw_server localhost:3121
connect_hw_server -allow_non_jtag
INFO: [Labtools 27-2285] Connecting to hw_server url TCP:localhost:3121
INFO: [Labtools 27-3415] Connecting to cs_server url TCP:localhost:3042
INFO: [Labtools 27-3414] Connected to existing cs_server.
open_hw_target
INFO: [Labtoolstcl 44-466] Opening hw_target localhost:3121/xilinx_tcf/Digilent/210183AF2EEEA
set_property PROGRAM.FILE {C:/Users/tanru/OneDrive/Desktop/FinalProjectMulti/FinalProjectMulti.runs/impl_1/OTTER_Wrapper_VGA80x60.bit} [get_hw_devices xc7a35t_0]
current_hw_device [get_hw_devices xc7a35t_0]
refresh_hw_device -update_hw_probes false [lindex [get_hw_devices xc7a35t_0] 0]
INFO: [Labtools 27-1435] Device xc7a35t (JTAG device index = 0) is not programmed (DONE status = 0).
set_property PROBES.FILE {} [get_hw_devices xc7a35t_0]
set_property FULL_PROBES.FILE {} [get_hw_devices xc7a35t_0]
set_property PROGRAM.FILE {C:/Users/tanru/OneDrive/Desktop/FinalProjectMulti/FinalProjectMulti.runs/impl_1/OTTER_Wrapper_VGA80x60.bit} [get_hw_devices xc7a35t_0]
program_hw_devices [get_hw_devices xc7a35t_0]
INFO: [Labtools 27-3164] End of startup status: HIGH
refresh_hw_device [lindex [get_hw_devices xc7a35t_0] 0]
INFO: [Labtools 27-1434] Device xc7a35t (JTAG device index = 0) is programmed with a design that has no supported debug core(s) in it.
reset_run synth_1
launch_runs synth_1 -jobs 4
WARNING: [HDL 9-3756] overwriting previous definition of module 'OTTER_mem_byte' [C:/Users/tanru/OneDrive/Desktop/Final_Project/Final_Project.srcs/sources_1/new/Otter_MCU/otter_memory.sv:25]
WARNING: [filemgmt 20-1318] Duplicate Design Unit 'OTTER_mem_byte()' found in library 'xil_defaultlib'
Duplicate found at line 25 of file C:/Users/tanru/OneDrive/Desktop/FinalProjectMulti/FinalProjectMulti.srcs/sources_1/new/Otter_MCU/otter_memory.sv
	(Active) Duplicate found at line 25 of file C:/Users/tanru/OneDrive/Desktop/Final_Project/Final_Project.srcs/sources_1/new/Otter_MCU/otter_memory.sv
[Mon Mar  1 20:46:50 2021] Launched synth_1...
Run output will be captured here: C:/Users/tanru/OneDrive/Desktop/FinalProjectMulti/FinalProjectMulti.runs/synth_1/runme.log
launch_runs impl_1 -jobs 4
[Mon Mar  1 20:48:09 2021] Launched impl_1...
Run output will be captured here: C:/Users/tanru/OneDrive/Desktop/FinalProjectMulti/FinalProjectMulti.runs/impl_1/runme.log
launch_runs impl_1 -to_step write_bitstream -jobs 4
[Mon Mar  1 20:50:10 2021] Launched impl_1...
Run output will be captured here: C:/Users/tanru/OneDrive/Desktop/FinalProjectMulti/FinalProjectMulti.runs/impl_1/runme.log
set_property PROBES.FILE {} [get_hw_devices xc7a35t_0]
set_property FULL_PROBES.FILE {} [get_hw_devices xc7a35t_0]
set_property PROGRAM.FILE {C:/Users/tanru/OneDrive/Desktop/FinalProjectMulti/FinalProjectMulti.runs/impl_1/OTTER_Wrapper_VGA80x60.bit} [get_hw_devices xc7a35t_0]
program_hw_devices [get_hw_devices xc7a35t_0]
INFO: [Labtools 27-3164] End of startup status: HIGH
refresh_hw_device [lindex [get_hw_devices xc7a35t_0] 0]
INFO: [Labtools 27-1434] Device xc7a35t (JTAG device index = 0) is programmed with a design that has no supported debug core(s) in it.
reset_run synth_1
launch_runs synth_1 -jobs 4
WARNING: [HDL 9-3756] overwriting previous definition of module 'OTTER_mem_byte' [C:/Users/tanru/OneDrive/Desktop/Final_Project/Final_Project.srcs/sources_1/new/Otter_MCU/otter_memory.sv:25]
WARNING: [filemgmt 20-1318] Duplicate Design Unit 'OTTER_mem_byte()' found in library 'xil_defaultlib'
Duplicate found at line 25 of file C:/Users/tanru/OneDrive/Desktop/FinalProjectMulti/FinalProjectMulti.srcs/sources_1/new/Otter_MCU/otter_memory.sv
	(Active) Duplicate found at line 25 of file C:/Users/tanru/OneDrive/Desktop/Final_Project/Final_Project.srcs/sources_1/new/Otter_MCU/otter_memory.sv
[Mon Mar  1 20:52:33 2021] Launched synth_1...
Run output will be captured here: C:/Users/tanru/OneDrive/Desktop/FinalProjectMulti/FinalProjectMulti.runs/synth_1/runme.log
launch_runs impl_1 -jobs 4
[Mon Mar  1 20:54:35 2021] Launched impl_1...
Run output will be captured here: C:/Users/tanru/OneDrive/Desktop/FinalProjectMulti/FinalProjectMulti.runs/impl_1/runme.log
launch_runs impl_1 -to_step write_bitstream -jobs 4
[Mon Mar  1 20:56:36 2021] Launched impl_1...
Run output will be captured here: C:/Users/tanru/OneDrive/Desktop/FinalProjectMulti/FinalProjectMulti.runs/impl_1/runme.log
set_property PROBES.FILE {} [get_hw_devices xc7a35t_0]
set_property FULL_PROBES.FILE {} [get_hw_devices xc7a35t_0]
set_property PROGRAM.FILE {C:/Users/tanru/OneDrive/Desktop/FinalProjectMulti/FinalProjectMulti.runs/impl_1/OTTER_Wrapper_VGA80x60.bit} [get_hw_devices xc7a35t_0]
program_hw_devices [get_hw_devices xc7a35t_0]
INFO: [Labtools 27-3164] End of startup status: HIGH
refresh_hw_device [lindex [get_hw_devices xc7a35t_0] 0]
INFO: [Labtools 27-1434] Device xc7a35t (JTAG device index = 0) is programmed with a design that has no supported debug core(s) in it.
reset_run synth_1
launch_runs synth_1 -jobs 4
WARNING: [HDL 9-3756] overwriting previous definition of module 'OTTER_mem_byte' [C:/Users/tanru/OneDrive/Desktop/Final_Project/Final_Project.srcs/sources_1/new/Otter_MCU/otter_memory.sv:25]
WARNING: [filemgmt 20-1318] Duplicate Design Unit 'OTTER_mem_byte()' found in library 'xil_defaultlib'
Duplicate found at line 25 of file C:/Users/tanru/OneDrive/Desktop/FinalProjectMulti/FinalProjectMulti.srcs/sources_1/new/Otter_MCU/otter_memory.sv
	(Active) Duplicate found at line 25 of file C:/Users/tanru/OneDrive/Desktop/Final_Project/Final_Project.srcs/sources_1/new/Otter_MCU/otter_memory.sv
[Mon Mar  1 20:59:35 2021] Launched synth_1...
Run output will be captured here: C:/Users/tanru/OneDrive/Desktop/FinalProjectMulti/FinalProjectMulti.runs/synth_1/runme.log
launch_runs impl_1 -jobs 4
[Mon Mar  1 21:00:54 2021] Launched impl_1...
Run output will be captured here: C:/Users/tanru/OneDrive/Desktop/FinalProjectMulti/FinalProjectMulti.runs/impl_1/runme.log
launch_runs impl_1 -to_step write_bitstream -jobs 4
[Mon Mar  1 21:03:07 2021] Launched impl_1...
Run output will be captured here: C:/Users/tanru/OneDrive/Desktop/FinalProjectMulti/FinalProjectMulti.runs/impl_1/runme.log
reset_run synth_1
launch_runs synth_1 -jobs 4
WARNING: [HDL 9-3756] overwriting previous definition of module 'OTTER_mem_byte' [C:/Users/tanru/OneDrive/Desktop/Final_Project/Final_Project.srcs/sources_1/new/Otter_MCU/otter_memory.sv:25]
WARNING: [filemgmt 20-1318] Duplicate Design Unit 'OTTER_mem_byte()' found in library 'xil_defaultlib'
Duplicate found at line 25 of file C:/Users/tanru/OneDrive/Desktop/FinalProjectMulti/FinalProjectMulti.srcs/sources_1/new/Otter_MCU/otter_memory.sv
	(Active) Duplicate found at line 25 of file C:/Users/tanru/OneDrive/Desktop/Final_Project/Final_Project.srcs/sources_1/new/Otter_MCU/otter_memory.sv
[Mon Mar  1 21:06:29 2021] Launched synth_1...
Run output will be captured here: C:/Users/tanru/OneDrive/Desktop/FinalProjectMulti/FinalProjectMulti.runs/synth_1/runme.log
launch_runs impl_1 -jobs 4
[Mon Mar  1 21:07:51 2021] Launched impl_1...
Run output will be captured here: C:/Users/tanru/OneDrive/Desktop/FinalProjectMulti/FinalProjectMulti.runs/impl_1/runme.log
launch_runs impl_1 -to_step write_bitstream -jobs 4
[Mon Mar  1 21:09:48 2021] Launched impl_1...
Run output will be captured here: C:/Users/tanru/OneDrive/Desktop/FinalProjectMulti/FinalProjectMulti.runs/impl_1/runme.log
set_property PROBES.FILE {} [get_hw_devices xc7a35t_0]
set_property FULL_PROBES.FILE {} [get_hw_devices xc7a35t_0]
set_property PROGRAM.FILE {C:/Users/tanru/OneDrive/Desktop/FinalProjectMulti/FinalProjectMulti.runs/impl_1/OTTER_Wrapper_VGA80x60.bit} [get_hw_devices xc7a35t_0]
program_hw_devices [get_hw_devices xc7a35t_0]
INFO: [Labtools 27-3164] End of startup status: HIGH
refresh_hw_device [lindex [get_hw_devices xc7a35t_0] 0]
INFO: [Labtools 27-1434] Device xc7a35t (JTAG device index = 0) is programmed with a design that has no supported debug core(s) in it.
reset_run synth_1
launch_runs synth_1 -jobs 4
WARNING: [HDL 9-3756] overwriting previous definition of module 'OTTER_mem_byte' [C:/Users/tanru/OneDrive/Desktop/Final_Project/Final_Project.srcs/sources_1/new/Otter_MCU/otter_memory.sv:25]
WARNING: [filemgmt 20-1318] Duplicate Design Unit 'OTTER_mem_byte()' found in library 'xil_defaultlib'
Duplicate found at line 25 of file C:/Users/tanru/OneDrive/Desktop/FinalProjectMulti/FinalProjectMulti.srcs/sources_1/new/Otter_MCU/otter_memory.sv
	(Active) Duplicate found at line 25 of file C:/Users/tanru/OneDrive/Desktop/Final_Project/Final_Project.srcs/sources_1/new/Otter_MCU/otter_memory.sv
[Mon Mar  1 21:14:18 2021] Launched synth_1...
Run output will be captured here: C:/Users/tanru/OneDrive/Desktop/FinalProjectMulti/FinalProjectMulti.runs/synth_1/runme.log
launch_runs impl_1 -jobs 4
[Mon Mar  1 21:15:34 2021] Launched impl_1...
Run output will be captured here: C:/Users/tanru/OneDrive/Desktop/FinalProjectMulti/FinalProjectMulti.runs/impl_1/runme.log
launch_runs impl_1 -to_step write_bitstream -jobs 4
[Mon Mar  1 21:17:31 2021] Launched impl_1...
Run output will be captured here: C:/Users/tanru/OneDrive/Desktop/FinalProjectMulti/FinalProjectMulti.runs/impl_1/runme.log
set_property PROBES.FILE {} [get_hw_devices xc7a35t_0]
set_property FULL_PROBES.FILE {} [get_hw_devices xc7a35t_0]
set_property PROGRAM.FILE {C:/Users/tanru/OneDrive/Desktop/FinalProjectMulti/FinalProjectMulti.runs/impl_1/OTTER_Wrapper_VGA80x60.bit} [get_hw_devices xc7a35t_0]
program_hw_devices [get_hw_devices xc7a35t_0]
INFO: [Labtools 27-3164] End of startup status: HIGH
refresh_hw_device [lindex [get_hw_devices xc7a35t_0] 0]
INFO: [Labtools 27-1434] Device xc7a35t (JTAG device index = 0) is programmed with a design that has no supported debug core(s) in it.
reset_run synth_1
launch_runs synth_1 -jobs 4
WARNING: [HDL 9-3756] overwriting previous definition of module 'OTTER_mem_byte' [C:/Users/tanru/OneDrive/Desktop/Final_Project/Final_Project.srcs/sources_1/new/Otter_MCU/otter_memory.sv:25]
WARNING: [filemgmt 20-1318] Duplicate Design Unit 'OTTER_mem_byte()' found in library 'xil_defaultlib'
Duplicate found at line 25 of file C:/Users/tanru/OneDrive/Desktop/FinalProjectMulti/FinalProjectMulti.srcs/sources_1/new/Otter_MCU/otter_memory.sv
	(Active) Duplicate found at line 25 of file C:/Users/tanru/OneDrive/Desktop/Final_Project/Final_Project.srcs/sources_1/new/Otter_MCU/otter_memory.sv
[Mon Mar  1 21:23:39 2021] Launched synth_1...
Run output will be captured here: C:/Users/tanru/OneDrive/Desktop/FinalProjectMulti/FinalProjectMulti.runs/synth_1/runme.log
launch_runs impl_1 -jobs 4
[Mon Mar  1 21:24:55 2021] Launched impl_1...
Run output will be captured here: C:/Users/tanru/OneDrive/Desktop/FinalProjectMulti/FinalProjectMulti.runs/impl_1/runme.log
launch_runs impl_1 -to_step write_bitstream -jobs 4
[Mon Mar  1 21:26:54 2021] Launched impl_1...
Run output will be captured here: C:/Users/tanru/OneDrive/Desktop/FinalProjectMulti/FinalProjectMulti.runs/impl_1/runme.log
set_property PROBES.FILE {} [get_hw_devices xc7a35t_0]
set_property FULL_PROBES.FILE {} [get_hw_devices xc7a35t_0]
set_property PROGRAM.FILE {C:/Users/tanru/OneDrive/Desktop/FinalProjectMulti/FinalProjectMulti.runs/impl_1/OTTER_Wrapper_VGA80x60.bit} [get_hw_devices xc7a35t_0]
program_hw_devices [get_hw_devices xc7a35t_0]
INFO: [Labtools 27-3164] End of startup status: HIGH
refresh_hw_device [lindex [get_hw_devices xc7a35t_0] 0]
INFO: [Labtools 27-1434] Device xc7a35t (JTAG device index = 0) is programmed with a design that has no supported debug core(s) in it.
reset_run synth_1
reset_run synth_1
launch_runs synth_1 -jobs 4
WARNING: [HDL 9-3756] overwriting previous definition of module 'OTTER_mem_byte' [C:/Users/tanru/OneDrive/Desktop/Final_Project/Final_Project.srcs/sources_1/new/Otter_MCU/otter_memory.sv:25]
WARNING: [filemgmt 20-1318] Duplicate Design Unit 'OTTER_mem_byte()' found in library 'xil_defaultlib'
Duplicate found at line 25 of file C:/Users/tanru/OneDrive/Desktop/FinalProjectMulti/FinalProjectMulti.srcs/sources_1/new/Otter_MCU/otter_memory.sv
	(Active) Duplicate found at line 25 of file C:/Users/tanru/OneDrive/Desktop/Final_Project/Final_Project.srcs/sources_1/new/Otter_MCU/otter_memory.sv
[Mon Mar  1 21:32:07 2021] Launched synth_1...
Run output will be captured here: C:/Users/tanru/OneDrive/Desktop/FinalProjectMulti/FinalProjectMulti.runs/synth_1/runme.log
launch_runs impl_1 -jobs 4
[Mon Mar  1 21:34:09 2021] Launched impl_1...
Run output will be captured here: C:/Users/tanru/OneDrive/Desktop/FinalProjectMulti/FinalProjectMulti.runs/impl_1/runme.log
launch_runs impl_1 -to_step write_bitstream -jobs 4
[Mon Mar  1 21:36:08 2021] Launched impl_1...
Run output will be captured here: C:/Users/tanru/OneDrive/Desktop/FinalProjectMulti/FinalProjectMulti.runs/impl_1/runme.log
set_property PROBES.FILE {} [get_hw_devices xc7a35t_0]
set_property FULL_PROBES.FILE {} [get_hw_devices xc7a35t_0]
set_property PROGRAM.FILE {C:/Users/tanru/OneDrive/Desktop/FinalProjectMulti/FinalProjectMulti.runs/impl_1/OTTER_Wrapper_VGA80x60.bit} [get_hw_devices xc7a35t_0]
program_hw_devices [get_hw_devices xc7a35t_0]
INFO: [Labtools 27-3164] End of startup status: HIGH
refresh_hw_device [lindex [get_hw_devices xc7a35t_0] 0]
INFO: [Labtools 27-1434] Device xc7a35t (JTAG device index = 0) is programmed with a design that has no supported debug core(s) in it.
reset_run synth_1
launch_runs synth_1 -jobs 4
WARNING: [HDL 9-3756] overwriting previous definition of module 'OTTER_mem_byte' [C:/Users/tanru/OneDrive/Desktop/Final_Project/Final_Project.srcs/sources_1/new/Otter_MCU/otter_memory.sv:25]
WARNING: [filemgmt 20-1318] Duplicate Design Unit 'OTTER_mem_byte()' found in library 'xil_defaultlib'
Duplicate found at line 25 of file C:/Users/tanru/OneDrive/Desktop/FinalProjectMulti/FinalProjectMulti.srcs/sources_1/new/Otter_MCU/otter_memory.sv
	(Active) Duplicate found at line 25 of file C:/Users/tanru/OneDrive/Desktop/Final_Project/Final_Project.srcs/sources_1/new/Otter_MCU/otter_memory.sv
[Mon Mar  1 21:40:28 2021] Launched synth_1...
Run output will be captured here: C:/Users/tanru/OneDrive/Desktop/FinalProjectMulti/FinalProjectMulti.runs/synth_1/runme.log
reset_run synth_1
WARNING: [Vivado 12-1017] Problems encountered:
1. Failed to delete one or more files in run directory C:/Users/tanru/OneDrive/Desktop/FinalProjectMulti/FinalProjectMulti.runs/synth_1

launch_runs synth_1 -jobs 4
WARNING: [HDL 9-3756] overwriting previous definition of module 'OTTER_mem_byte' [C:/Users/tanru/OneDrive/Desktop/Final_Project/Final_Project.srcs/sources_1/new/Otter_MCU/otter_memory.sv:25]
WARNING: [filemgmt 20-1318] Duplicate Design Unit 'OTTER_mem_byte()' found in library 'xil_defaultlib'
Duplicate found at line 25 of file C:/Users/tanru/OneDrive/Desktop/FinalProjectMulti/FinalProjectMulti.srcs/sources_1/new/Otter_MCU/otter_memory.sv
	(Active) Duplicate found at line 25 of file C:/Users/tanru/OneDrive/Desktop/Final_Project/Final_Project.srcs/sources_1/new/Otter_MCU/otter_memory.sv
[Mon Mar  1 21:41:44 2021] Launched synth_1...
Run output will be captured here: C:/Users/tanru/OneDrive/Desktop/FinalProjectMulti/FinalProjectMulti.runs/synth_1/runme.log
launch_runs impl_1 -jobs 4
[Mon Mar  1 21:43:21 2021] Launched impl_1...
Run output will be captured here: C:/Users/tanru/OneDrive/Desktop/FinalProjectMulti/FinalProjectMulti.runs/impl_1/runme.log
launch_runs impl_1 -to_step write_bitstream -jobs 4
[Mon Mar  1 21:45:20 2021] Launched impl_1...
Run output will be captured here: C:/Users/tanru/OneDrive/Desktop/FinalProjectMulti/FinalProjectMulti.runs/impl_1/runme.log
set_property PROBES.FILE {} [get_hw_devices xc7a35t_0]
set_property FULL_PROBES.FILE {} [get_hw_devices xc7a35t_0]
set_property PROGRAM.FILE {C:/Users/tanru/OneDrive/Desktop/FinalProjectMulti/FinalProjectMulti.runs/impl_1/OTTER_Wrapper_VGA80x60.bit} [get_hw_devices xc7a35t_0]
program_hw_devices [get_hw_devices xc7a35t_0]
INFO: [Labtools 27-3164] End of startup status: HIGH
refresh_hw_device [lindex [get_hw_devices xc7a35t_0] 0]
INFO: [Labtools 27-1434] Device xc7a35t (JTAG device index = 0) is programmed with a design that has no supported debug core(s) in it.
reset_run synth_1
launch_runs synth_1 -jobs 4
WARNING: [HDL 9-3756] overwriting previous definition of module 'OTTER_mem_byte' [C:/Users/tanru/OneDrive/Desktop/Final_Project/Final_Project.srcs/sources_1/new/Otter_MCU/otter_memory.sv:25]
WARNING: [filemgmt 20-1318] Duplicate Design Unit 'OTTER_mem_byte()' found in library 'xil_defaultlib'
Duplicate found at line 25 of file C:/Users/tanru/OneDrive/Desktop/FinalProjectMulti/FinalProjectMulti.srcs/sources_1/new/Otter_MCU/otter_memory.sv
	(Active) Duplicate found at line 25 of file C:/Users/tanru/OneDrive/Desktop/Final_Project/Final_Project.srcs/sources_1/new/Otter_MCU/otter_memory.sv
[Mon Mar  1 22:03:31 2021] Launched synth_1...
Run output will be captured here: C:/Users/tanru/OneDrive/Desktop/FinalProjectMulti/FinalProjectMulti.runs/synth_1/runme.log
launch_runs impl_1 -jobs 4
[Mon Mar  1 22:04:57 2021] Launched impl_1...
Run output will be captured here: C:/Users/tanru/OneDrive/Desktop/FinalProjectMulti/FinalProjectMulti.runs/impl_1/runme.log
launch_runs impl_1 -to_step write_bitstream -jobs 4
[Mon Mar  1 22:11:32 2021] Launched impl_1...
Run output will be captured here: C:/Users/tanru/OneDrive/Desktop/FinalProjectMulti/FinalProjectMulti.runs/impl_1/runme.log
set_property PROBES.FILE {} [get_hw_devices xc7a35t_0]
set_property FULL_PROBES.FILE {} [get_hw_devices xc7a35t_0]
set_property PROGRAM.FILE {C:/Users/tanru/OneDrive/Desktop/FinalProjectMulti/FinalProjectMulti.runs/impl_1/OTTER_Wrapper_VGA80x60.bit} [get_hw_devices xc7a35t_0]
program_hw_devices [get_hw_devices xc7a35t_0]
INFO: [Labtools 27-3164] End of startup status: HIGH
refresh_hw_device [lindex [get_hw_devices xc7a35t_0] 0]
INFO: [Labtools 27-1434] Device xc7a35t (JTAG device index = 0) is programmed with a design that has no supported debug core(s) in it.
ERROR: [Labtoolstcl 44-513] HW Target shutdown. Closing target: localhost:3121/xilinx_tcf/Digilent/210183AF2EEEA
reset_run synth_1
launch_runs synth_1 -jobs 4
WARNING: [HDL 9-3756] overwriting previous definition of module 'OTTER_mem_byte' [C:/Users/tanru/OneDrive/Desktop/Final_Project/Final_Project.srcs/sources_1/new/Otter_MCU/otter_memory.sv:25]
WARNING: [filemgmt 20-1318] Duplicate Design Unit 'OTTER_mem_byte()' found in library 'xil_defaultlib'
Duplicate found at line 25 of file C:/Users/tanru/OneDrive/Desktop/FinalProjectMulti/FinalProjectMulti.srcs/sources_1/new/Otter_MCU/otter_memory.sv
	(Active) Duplicate found at line 25 of file C:/Users/tanru/OneDrive/Desktop/Final_Project/Final_Project.srcs/sources_1/new/Otter_MCU/otter_memory.sv
[Tue Mar  2 08:26:01 2021] Launched synth_1...
Run output will be captured here: C:/Users/tanru/OneDrive/Desktop/FinalProjectMulti/FinalProjectMulti.runs/synth_1/runme.log
launch_runs impl_1 -jobs 4
[Tue Mar  2 08:28:04 2021] Launched impl_1...
Run output will be captured here: C:/Users/tanru/OneDrive/Desktop/FinalProjectMulti/FinalProjectMulti.runs/impl_1/runme.log
launch_runs impl_1 -to_step write_bitstream -jobs 4
[Tue Mar  2 08:30:30 2021] Launched impl_1...
Run output will be captured here: C:/Users/tanru/OneDrive/Desktop/FinalProjectMulti/FinalProjectMulti.runs/impl_1/runme.log
INFO: [Labtoolstcl 44-466] Opening hw_target localhost:3121/xilinx_tcf/Digilent/210183AF2EEEA
INFO: [Labtools 27-1435] Device xc7a35t (JTAG device index = 0) is not programmed (DONE status = 0).
WARNING: [Labtoolstcl 44-129] No matching hw_ila_data was found.
set_property PROBES.FILE {} [get_hw_devices xc7a35t_0]
set_property FULL_PROBES.FILE {} [get_hw_devices xc7a35t_0]
set_property PROGRAM.FILE {C:/Users/tanru/OneDrive/Desktop/FinalProjectMulti/FinalProjectMulti.runs/impl_1/OTTER_Wrapper_VGA80x60.bit} [get_hw_devices xc7a35t_0]
program_hw_devices [get_hw_devices xc7a35t_0]
INFO: [Labtools 27-3164] End of startup status: HIGH
refresh_hw_device [lindex [get_hw_devices xc7a35t_0] 0]
INFO: [Labtools 27-1434] Device xc7a35t (JTAG device index = 0) is programmed with a design that has no supported debug core(s) in it.
set_property PROBES.FILE {} [get_hw_devices xc7a35t_0]
set_property FULL_PROBES.FILE {} [get_hw_devices xc7a35t_0]
set_property PROGRAM.FILE {C:/Users/tanru/OneDrive/Desktop/FinalProjectMulti/FinalProjectMulti.runs/impl_1/OTTER_Wrapper_VGA80x60.bit} [get_hw_devices xc7a35t_0]
program_hw_devices [get_hw_devices xc7a35t_0]
INFO: [Labtools 27-3164] End of startup status: HIGH
refresh_hw_device [lindex [get_hw_devices xc7a35t_0] 0]
INFO: [Labtools 27-1434] Device xc7a35t (JTAG device index = 0) is programmed with a design that has no supported debug core(s) in it.
reset_run synth_1
launch_runs synth_1 -jobs 4
WARNING: [HDL 9-3756] overwriting previous definition of module 'OTTER_mem_byte' [C:/Users/tanru/OneDrive/Desktop/Final_Project/Final_Project.srcs/sources_1/new/Otter_MCU/otter_memory.sv:25]
WARNING: [filemgmt 20-1318] Duplicate Design Unit 'OTTER_mem_byte()' found in library 'xil_defaultlib'
Duplicate found at line 25 of file C:/Users/tanru/OneDrive/Desktop/FinalProjectMulti/FinalProjectMulti.srcs/sources_1/new/Otter_MCU/otter_memory.sv
	(Active) Duplicate found at line 25 of file C:/Users/tanru/OneDrive/Desktop/Final_Project/Final_Project.srcs/sources_1/new/Otter_MCU/otter_memory.sv
[Tue Mar  2 09:07:11 2021] Launched synth_1...
Run output will be captured here: C:/Users/tanru/OneDrive/Desktop/FinalProjectMulti/FinalProjectMulti.runs/synth_1/runme.log
launch_runs impl_1 -jobs 4
[Tue Mar  2 09:08:38 2021] Launched impl_1...
Run output will be captured here: C:/Users/tanru/OneDrive/Desktop/FinalProjectMulti/FinalProjectMulti.runs/impl_1/runme.log
launch_runs impl_1 -to_step write_bitstream -jobs 4
[Tue Mar  2 09:11:34 2021] Launched impl_1...
Run output will be captured here: C:/Users/tanru/OneDrive/Desktop/FinalProjectMulti/FinalProjectMulti.runs/impl_1/runme.log
launch_runs: Time (s): cpu = 00:00:01 ; elapsed = 00:00:06 . Memory (MB): peak = 2317.637 ; gain = 0.000
reset_run impl_1 -prev_step 
WARNING: [Vivado 12-1017] Problems encountered:
1. Couldn't access process for termination

reset_runs: Time (s): cpu = 00:00:01 ; elapsed = 00:00:21 . Memory (MB): peak = 2317.637 ; gain = 0.000
launch_runs impl_1 -to_step write_bitstream -jobs 4
[Tue Mar  2 10:06:58 2021] Launched impl_1...
Run output will be captured here: C:/Users/tanru/OneDrive/Desktop/FinalProjectMulti/FinalProjectMulti.runs/impl_1/runme.log
launch_runs: Time (s): cpu = 00:00:00 ; elapsed = 00:00:11 . Memory (MB): peak = 2317.637 ; gain = 0.000
set_property PROBES.FILE {} [get_hw_devices xc7a35t_0]
set_property FULL_PROBES.FILE {} [get_hw_devices xc7a35t_0]
set_property PROGRAM.FILE {C:/Users/tanru/OneDrive/Desktop/FinalProjectMulti/FinalProjectMulti.runs/impl_1/OTTER_Wrapper_VGA80x60.bit} [get_hw_devices xc7a35t_0]
program_hw_devices [get_hw_devices xc7a35t_0]
INFO: [Labtools 27-3164] End of startup status: HIGH
program_hw_devices: Time (s): cpu = 00:00:02 ; elapsed = 00:00:05 . Memory (MB): peak = 2317.637 ; gain = 0.000
refresh_hw_device [lindex [get_hw_devices xc7a35t_0] 0]
INFO: [Labtools 27-1434] Device xc7a35t (JTAG device index = 0) is programmed with a design that has no supported debug core(s) in it.
reset_run synth_1
launch_runs synth_1 -jobs 4
WARNING: [HDL 9-3756] overwriting previous definition of module 'OTTER_mem_byte' [C:/Users/tanru/OneDrive/Desktop/Final_Project/Final_Project.srcs/sources_1/new/Otter_MCU/otter_memory.sv:25]
WARNING: [filemgmt 20-1318] Duplicate Design Unit 'OTTER_mem_byte()' found in library 'xil_defaultlib'
Duplicate found at line 25 of file C:/Users/tanru/OneDrive/Desktop/FinalProjectMulti/FinalProjectMulti.srcs/sources_1/new/Otter_MCU/otter_memory.sv
	(Active) Duplicate found at line 25 of file C:/Users/tanru/OneDrive/Desktop/Final_Project/Final_Project.srcs/sources_1/new/Otter_MCU/otter_memory.sv
[Tue Mar  2 10:30:21 2021] Launched synth_1...
Run output will be captured here: C:/Users/tanru/OneDrive/Desktop/FinalProjectMulti/FinalProjectMulti.runs/synth_1/runme.log
launch_runs impl_1 -jobs 4
[Tue Mar  2 10:32:50 2021] Launched impl_1...
Run output will be captured here: C:/Users/tanru/OneDrive/Desktop/FinalProjectMulti/FinalProjectMulti.runs/impl_1/runme.log
launch_runs impl_1 -to_step write_bitstream -jobs 4
[Tue Mar  2 10:35:01 2021] Launched impl_1...
Run output will be captured here: C:/Users/tanru/OneDrive/Desktop/FinalProjectMulti/FinalProjectMulti.runs/impl_1/runme.log
set_property PROBES.FILE {} [get_hw_devices xc7a35t_0]
set_property FULL_PROBES.FILE {} [get_hw_devices xc7a35t_0]
set_property PROGRAM.FILE {C:/Users/tanru/OneDrive/Desktop/FinalProjectMulti/FinalProjectMulti.runs/impl_1/OTTER_Wrapper_VGA80x60.bit} [get_hw_devices xc7a35t_0]
program_hw_devices [get_hw_devices xc7a35t_0]
INFO: [Labtools 27-3164] End of startup status: HIGH
refresh_hw_device [lindex [get_hw_devices xc7a35t_0] 0]
INFO: [Labtools 27-1434] Device xc7a35t (JTAG device index = 0) is programmed with a design that has no supported debug core(s) in it.
