Copyright 1986-2020 Xilinx, Inc. All Rights Reserved.
---------------------------------------------------------------------------------------------------
| Tool Version : Vivado v.2020.1 (win64) Build 2902540 Wed May 27 19:54:49 MDT 2020
| Date         : Tue Mar  2 10:34:00 2021
| Host         : DESKTOP-VP2O40J running 64-bit major release  (build 9200)
| Command      : report_control_sets -verbose -file OTTER_Wrapper_VGA80x60_control_sets_placed.rpt
| Design       : OTTER_Wrapper_VGA80x60
| Device       : xc7a35t
---------------------------------------------------------------------------------------------------

Control Set Information

Table of Contents
-----------------
1. Summary
2. Histogram
3. Flip-Flop Distribution
4. Detailed Control Set Information

1. Summary
----------

+----------------------------------------------------------+-------+
|                          Status                          | Count |
+----------------------------------------------------------+-------+
| Total control sets                                       |    83 |
|    Minimum number of control sets                        |    83 |
|    Addition due to synthesis replication                 |     0 |
|    Addition due to physical synthesis replication        |     0 |
| Unused register locations in slices containing registers |    73 |
+----------------------------------------------------------+-------+
* Control sets can be merged at opt_design using control_set_merge or merge_equivalent_drivers
** Run report_qor_suggestions for automated merging and remapping suggestions


2. Histogram
------------

+--------------------+-------+
|       Fanout       | Count |
+--------------------+-------+
| Total control sets |    83 |
| >= 0 to < 4        |     6 |
| >= 4 to < 6        |     1 |
| >= 6 to < 8        |     0 |
| >= 8 to < 10       |     7 |
| >= 10 to < 12      |     0 |
| >= 12 to < 14      |     0 |
| >= 14 to < 16      |     0 |
| >= 16              |    69 |
+--------------------+-------+
* Control sets can be remapped at either synth_design or opt_design


3. Flip-Flop Distribution
-------------------------

+--------------+-----------------------+------------------------+-----------------+--------------+
| Clock Enable | Synchronous Set/Reset | Asynchronous Set/Reset | Total Registers | Total Slices |
+--------------+-----------------------+------------------------+-----------------+--------------+
| No           | No                    | No                     |              20 |           14 |
| No           | No                    | Yes                    |               0 |            0 |
| No           | Yes                   | No                     |              68 |           32 |
| Yes          | No                    | No                     |              78 |           45 |
| Yes          | No                    | Yes                    |               0 |            0 |
| Yes          | Yes                   | No                     |             177 |           90 |
+--------------+-----------------------+------------------------+-----------------+--------------+


4. Detailed Control Set Information
-----------------------------------

+-----------------------------+----------------------------------------------------+------------------------------------------+------------------+----------------+--------------+
|         Clock Signal        |                    Enable Signal                   |             Set/Reset Signal             | Slice Load Count | Bel Load Count | Bels / Slice |
+-----------------------------+----------------------------------------------------+------------------------------------------+------------------+----------------+--------------+
|  CLK_25MHz_BUFG             |                                                    | VGA/vga_out/HSYNC0                       |                1 |              1 |         1.00 |
|  CLK_25MHz_BUFG             |                                                    | VGA/vga_out/VSYNC0                       |                1 |              1 |         1.00 |
|  SSG_DISP/CathMod/s_clk_500 |                                                    | SSG_DISP/CathMod/r_disp_digit[0]_i_1_n_0 |                1 |              2 |         2.00 |
|  SSG_DISP/CathMod/s_clk_500 |                                                    | SSG_DISP/CathMod/r_disp_digit[0]         |                1 |              2 |         2.00 |
|  CLK_100MHz_IBUF_BUFG       |                                                    |                                          |                2 |              2 |         1.00 |
|  CLK_25MHz_BUFG             | VGA/vga_out/horizontal[9]_i_1_n_0                  |                                          |                1 |              2 |         2.00 |
|  CLK_50MHz_BUFG             | MCU/fsm/memRead1                                   |                                          |                1 |              4 |         4.00 |
|  CLK_25MHz_BUFG             | VGA/vga_out/horizontal[9]_i_1_n_0                  | VGA/vga_out/vertical                     |                4 |              8 |         2.00 |
|  CLK_50MHz_BUFG             | MCU/Mem/r_vga_wd                                   | MCU/Mem/FSM_sequential_state_reg[0]      |                6 |              8 |         1.33 |
|  CLK_50MHz_BUFG             | MCU/fsm/memRead2                                   |                                          |                7 |              8 |         1.14 |
|  CLK_50MHz_BUFG             | MCU/fsm/memRead2                                   | MCU/Mem/ioIn_buffer[15]_i_1_n_0          |                3 |              8 |         2.67 |
|  CLK_25MHz_BUFG             |                                                    | VGA/vga_out/BOUT[1]_i_1_n_0              |                8 |              8 |         1.00 |
|  SSG_DISP/CathMod/s_clk_500 |                                                    |                                          |                5 |              9 |         1.80 |
|  CLK_50MHz_BUFG             |                                                    |                                          |                7 |              9 |         1.29 |
|  CLK_50MHz_BUFG             | MCU/Mem/r_vga_wd[7]_i_5_2                          | MCU/Mem/memory_reg_bram_8_i_91_2         |               13 |             16 |         1.23 |
|  CLK_50MHz_BUFG             | VGA/framebuffer/r_memory_reg_0_15_0_0_i_1_n_0      |                                          |                8 |             16 |         2.00 |
|  CLK_50MHz_BUFG             | VGA/framebuffer/r_memory_reg_0_63_0_0_i_1_n_0      |                                          |                8 |             16 |         2.00 |
|  CLK_50MHz_BUFG             | MCU/Mem/r_vga_wd[7]_i_5_1                          | MCU/Mem/memory_reg_bram_8_i_91_1         |                3 |             16 |         5.33 |
|  CLK_100MHz_IBUF_BUFG       |                                                    | SSG_DISP/CathMod/clear                   |                5 |             20 |         4.00 |
|  CLK_50MHz_BUFG             | VGA/framebuffer/r_memory_reg_5760_5887_0_0_i_1_n_0 |                                          |                8 |             32 |         4.00 |
|  CLK_50MHz_BUFG             | VGA/framebuffer/r_memory_reg_5888_6015_0_0_i_1_n_0 |                                          |                8 |             32 |         4.00 |
|  CLK_50MHz_BUFG             | VGA/framebuffer/r_memory_reg_5632_5759_0_0_i_1_n_0 |                                          |                8 |             32 |         4.00 |
|  CLK_50MHz_BUFG             | VGA/framebuffer/r_memory_reg_6272_6399_0_0_i_1_n_0 |                                          |                8 |             32 |         4.00 |
|  CLK_50MHz_BUFG             | VGA/framebuffer/r_memory_reg_6016_6143_0_0_i_1_n_0 |                                          |                8 |             32 |         4.00 |
|  CLK_50MHz_BUFG             | VGA/framebuffer/r_memory_reg_6400_6527_0_0_i_1_n_0 |                                          |                8 |             32 |         4.00 |
|  CLK_50MHz_BUFG             | VGA/framebuffer/r_memory_reg_6144_6271_0_0_i_1_n_0 |                                          |                8 |             32 |         4.00 |
|  CLK_50MHz_BUFG             | VGA/framebuffer/r_memory_reg_6784_6911_0_0_i_1_n_0 |                                          |                8 |             32 |         4.00 |
|  CLK_50MHz_BUFG             | VGA/framebuffer/r_memory_reg_6656_6783_0_0_i_1_n_0 |                                          |                8 |             32 |         4.00 |
|  CLK_50MHz_BUFG             | VGA/framebuffer/r_memory_reg_6528_6655_0_0_i_1_n_0 |                                          |                8 |             32 |         4.00 |
|  CLK_50MHz_BUFG             | VGA/framebuffer/r_memory_reg_640_767_0_0_i_1_n_0   |                                          |                8 |             32 |         4.00 |
|  CLK_50MHz_BUFG             | VGA/framebuffer/r_memory_reg_7040_7167_0_0_i_1_n_0 |                                          |                8 |             32 |         4.00 |
|  CLK_50MHz_BUFG             | VGA/framebuffer/r_memory_reg_7168_7295_0_0_i_1_n_0 |                                          |                8 |             32 |         4.00 |
|  CLK_50MHz_BUFG             | VGA/framebuffer/r_memory_reg_6912_7039_0_0_i_1_n_0 |                                          |                8 |             32 |         4.00 |
|  CLK_50MHz_BUFG             | VGA/framebuffer/r_memory_reg_7296_7423_0_0_i_1_n_0 |                                          |                8 |             32 |         4.00 |
|  CLK_50MHz_BUFG             | VGA/framebuffer/r_memory_reg_7424_7551_0_0_i_1_n_0 |                                          |                8 |             32 |         4.00 |
|  CLK_50MHz_BUFG             | VGA/framebuffer/r_memory_reg_896_1023_0_0_i_1_n_0  |                                          |                8 |             32 |         4.00 |
|  CLK_50MHz_BUFG             | VGA/framebuffer/r_memory_reg_768_895_0_0_i_1_n_0   |                                          |                8 |             32 |         4.00 |
|  CLK_50MHz_BUFG             | VGA/framebuffer/r_memory_reg_4224_4351_0_0_i_1_n_0 |                                          |                8 |             32 |         4.00 |
|  CLK_50MHz_BUFG             | VGA/framebuffer/r_memory_reg_4096_4223_0_0_i_1_n_0 |                                          |                8 |             32 |         4.00 |
|  CLK_50MHz_BUFG             | VGA/framebuffer/r_memory_reg_384_511_0_0_i_1_n_0   |                                          |                8 |             32 |         4.00 |
|  CLK_50MHz_BUFG             | VGA/framebuffer/r_memory_reg_3968_4095_0_0_i_1_n_0 |                                          |                8 |             32 |         4.00 |
|  CLK_50MHz_BUFG             | VGA/framebuffer/r_memory_reg_4864_4991_0_0_i_1_n_0 |                                          |                8 |             32 |         4.00 |
|  CLK_50MHz_BUFG             | ram_reg_r1_0_31_6_11_i_54_n_0                      |                                          |               14 |             32 |         2.29 |
|  CLK_50MHz_BUFG             | VGA/framebuffer/r_memory_reg_1024_1151_0_0_i_1_n_0 |                                          |                8 |             32 |         4.00 |
|  CLK_50MHz_BUFG             | VGA/framebuffer/r_memory_reg_1408_1535_0_0_i_1_n_0 |                                          |                8 |             32 |         4.00 |
|  CLK_50MHz_BUFG             | VGA/framebuffer/r_memory_reg_1280_1407_0_0_i_1_n_0 |                                          |                8 |             32 |         4.00 |
|  CLK_50MHz_BUFG             | VGA/framebuffer/r_memory_reg_1152_1279_0_0_i_1_n_0 |                                          |                8 |             32 |         4.00 |
|  CLK_50MHz_BUFG             | VGA/framebuffer/r_memory_reg_128_255_0_0_i_1_n_0   |                                          |                8 |             32 |         4.00 |
|  CLK_50MHz_BUFG             | VGA/framebuffer/r_memory_reg_1536_1663_0_0_i_1_n_0 |                                          |                8 |             32 |         4.00 |
|  CLK_50MHz_BUFG             | VGA/framebuffer/r_memory_reg_1792_1919_0_0_i_1_n_0 |                                          |                8 |             32 |         4.00 |
|  CLK_50MHz_BUFG             | VGA/framebuffer/r_memory_reg_1664_1791_0_0_i_1_n_0 |                                          |                8 |             32 |         4.00 |
|  CLK_50MHz_BUFG             | VGA/framebuffer/r_memory_reg_1920_2047_0_0_i_1_n_0 |                                          |                8 |             32 |         4.00 |
|  CLK_50MHz_BUFG             | VGA/framebuffer/r_memory_reg_2048_2175_0_0_i_1_n_0 |                                          |                8 |             32 |         4.00 |
|  CLK_50MHz_BUFG             | VGA/framebuffer/r_memory_reg_2176_2303_0_0_i_1_n_0 |                                          |                8 |             32 |         4.00 |
|  CLK_50MHz_BUFG             | VGA/framebuffer/r_memory_reg_2304_2431_0_0_i_1_n_0 |                                          |                8 |             32 |         4.00 |
|  CLK_50MHz_BUFG             | VGA/framebuffer/r_memory_reg_2688_2815_0_0_i_1_n_0 |                                          |                8 |             32 |         4.00 |
|  CLK_50MHz_BUFG             | VGA/framebuffer/r_memory_reg_2560_2687_0_0_i_1_n_0 |                                          |                8 |             32 |         4.00 |
|  CLK_50MHz_BUFG             | VGA/framebuffer/r_memory_reg_256_383_0_0_i_1_n_0   |                                          |                8 |             32 |         4.00 |
|  CLK_50MHz_BUFG             | VGA/framebuffer/r_memory_reg_2432_2559_0_0_i_1_n_0 |                                          |                8 |             32 |         4.00 |
|  CLK_50MHz_BUFG             | VGA/framebuffer/r_memory_reg_3200_3327_0_0_i_1_n_0 |                                          |                8 |             32 |         4.00 |
|  CLK_50MHz_BUFG             | VGA/framebuffer/r_memory_reg_2944_3071_0_0_i_1_n_0 |                                          |                8 |             32 |         4.00 |
|  CLK_50MHz_BUFG             | VGA/framebuffer/r_memory_reg_2816_2943_0_0_i_1_n_0 |                                          |                8 |             32 |         4.00 |
|  CLK_50MHz_BUFG             | VGA/framebuffer/r_memory_reg_4608_4735_0_0_i_1_n_0 |                                          |                8 |             32 |         4.00 |
|  CLK_50MHz_BUFG             | VGA/framebuffer/r_memory_reg_3456_3583_0_0_i_1_n_0 |                                          |                8 |             32 |         4.00 |
|  CLK_50MHz_BUFG             | VGA/framebuffer/r_memory_reg_3712_3839_0_0_i_1_n_0 |                                          |                8 |             32 |         4.00 |
|  CLK_50MHz_BUFG             | VGA/framebuffer/r_memory_reg_3328_3455_0_0_i_1_n_0 |                                          |                8 |             32 |         4.00 |
|  CLK_50MHz_BUFG             | VGA/framebuffer/r_memory_reg_3584_3711_0_0_i_1_n_0 |                                          |                8 |             32 |         4.00 |
|  CLK_50MHz_BUFG             | VGA/framebuffer/r_memory_reg_3840_3967_0_0_i_1_n_0 |                                          |                8 |             32 |         4.00 |
|  CLK_50MHz_BUFG             | VGA/framebuffer/r_memory_reg_4480_4607_0_0_i_1_n_0 |                                          |                8 |             32 |         4.00 |
|  CLK_50MHz_BUFG             | VGA/framebuffer/r_memory_reg_4352_4479_0_0_i_1_n_0 |                                          |                8 |             32 |         4.00 |
|  CLK_50MHz_BUFG             | VGA/framebuffer/r_memory_reg_0_127_0_0_i_1_n_0     |                                          |                8 |             32 |         4.00 |
|  CLK_50MHz_BUFG             | MCU/fsm/pcWrite                                    |                                          |               22 |             32 |         1.45 |
|  CLK_50MHz_BUFG             | VGA/framebuffer/r_memory_reg_4736_4863_0_0_i_1_n_0 |                                          |                8 |             32 |         4.00 |
|  CLK_50MHz_BUFG             | VGA/framebuffer/r_memory_reg_5120_5247_0_0_i_1_n_0 |                                          |                8 |             32 |         4.00 |
|  CLK_50MHz_BUFG             | VGA/framebuffer/r_memory_reg_4992_5119_0_0_i_1_n_0 |                                          |                8 |             32 |         4.00 |
|  CLK_50MHz_BUFG             | VGA/framebuffer/r_memory_reg_512_639_0_0_i_1_n_0   |                                          |                8 |             32 |         4.00 |
|  CLK_50MHz_BUFG             | VGA/framebuffer/r_memory_reg_5248_5375_0_0_i_1_n_0 |                                          |                8 |             32 |         4.00 |
|  CLK_50MHz_BUFG             | VGA/framebuffer/r_memory_reg_5376_5503_0_0_i_1_n_0 |                                          |                8 |             32 |         4.00 |
|  CLK_50MHz_BUFG             | VGA/framebuffer/r_memory_reg_5504_5631_0_0_i_1_n_0 |                                          |                8 |             32 |         4.00 |
|  CLK_50MHz_BUFG             | VGA/framebuffer/r_memory_reg_3072_3199_0_0_i_1_n_0 |                                          |                8 |             32 |         4.00 |
|  CLK_25MHz_BUFG             |                                                    | VGA/vga_out/horizontal[9]_i_1_n_0        |               15 |             34 |         2.27 |
|  CLK_50MHz_BUFG             | MCU/Mem/p_0_in                                     |                                          |               12 |             96 |         8.00 |
|  CLK_50MHz_BUFG             | MCU/Mem/r_vga_wd[7]_i_5_0                          | MCU/Mem/memory_reg_bram_8_i_91_0         |               61 |            121 |         1.98 |
+-----------------------------+----------------------------------------------------+------------------------------------------+------------------+----------------+--------------+


